d:\eychessu\x64\release\engine.obj
d:\eychessu\x64\release\pipe.obj
d:\eychessu\x64\release\bookmain.obj
d:\eychessu\x64\release\board.obj
d:\eychessu\x64\release\pregen.obj
d:\eychessu\x64\release\rkiss.obj
d:\eychessu\x64\release\srchboob.obj
d:\eychessu\x64\release\tokenizer.obj
d:\eychessu\x64\release\ucci.obj
d:\eychessu\x64\release\eychessu.obj
d:\eychessu\x64\release\vc142.pdb
d:\eychessu\x64\release\eychessu2020c64.exe
d:\eychessu\x64\release\eychessu2020c64.map
d:\eychessu\x64\release\eychessu2020c64.pdb
d:\eychessu\x64\release\eychessu.res
d:\eychessu\x64\release\eychessu2020c64.tlog\cl.2300.write.1.tlog
d:\eychessu\x64\release\eychessu2020c64.tlog\cl.command.1.tlog
d:\eychessu\x64\release\eychessu2020c64.tlog\cl.read.1.tlog
d:\eychessu\x64\release\eychessu2020c64.tlog\link.command.1.tlog
d:\eychessu\x64\release\eychessu2020c64.tlog\link.read.1.tlog
d:\eychessu\x64\release\eychessu2020c64.tlog\link.write.1.tlog
d:\eychessu\x64\release\eychessu2020c64.tlog\rc.command.1.tlog
d:\eychessu\x64\release\eychessu2020c64.tlog\rc.read.1.tlog
d:\eychessu\x64\release\eychessu2020c64.tlog\rc.write.1.tlog
